d:\threadpools\threadpools\dynamicpool\x64\debug\vc142.pdb
d:\threadpools\threadpools\dynamicpool\x64\debug\vc142.idb
d:\threadpools\threadpools\dynamicpool\x64\debug\cancellabletask.obj
d:\threadpools\threadpools\dynamicpool\x64\debug\main.obj
d:\threadpools\threadpools\dynamicpool\x64\debug\testtask.obj
d:\threadpools\threadpools\dynamicpool\x64\debug\doblequeuecontainer.obj
d:\threadpools\threadpools\dynamicpool\x64\debug\itask.obj
d:\threadpools\threadpools\dynamicpool\x64\debug\destroythreadtask.obj
d:\threadpools\threadpools\dynamicpool\x64\debug\dynamicpool.obj
d:\threadpools\threadpools\dynamicpool\x64\debug\createworkertask.obj
d:\threadpools\threadpools\x64\debug\dynamicpool.exe
d:\threadpools\threadpools\x64\debug\dynamicpool.ilk
d:\threadpools\threadpools\x64\debug\dynamicpool.pdb
d:\threadpools\threadpools\dynamicpool\x64\debug\task.obj
d:\threadpools\threadpools\dynamicpool\x64\debug\doblequeuecontainer.new.obj.enc
d:\threadpools\threadpools\dynamicpool\x64\debug\main.new.obj.enc
d:\threadpools\threadpools\dynamicpool\x64\debug\vc141.idb
d:\threadpools\threadpools\dynamicpool\x64\debug\vc141.pdb
d:\threadpools\threadpools\dynamicpool\x64\debug\dynamicpool.tlog\cl.command.1.tlog
d:\threadpools\threadpools\dynamicpool\x64\debug\dynamicpool.tlog\cl.read.1.tlog
d:\threadpools\threadpools\dynamicpool\x64\debug\dynamicpool.tlog\cl.write.1.tlog
d:\threadpools\threadpools\dynamicpool\x64\debug\dynamicpool.tlog\link.command.1.tlog
d:\threadpools\threadpools\dynamicpool\x64\debug\dynamicpool.tlog\link.read.1.tlog
d:\threadpools\threadpools\dynamicpool\x64\debug\dynamicpool.tlog\link.write.1.tlog
